{
  "stats": {
    "suites": 1,
    "tests": 3,
    "passes": 3,
    "pending": 0,
    "failures": 0,
    "start": "2022-03-24T23:39:25.996Z",
    "end": "2022-03-24T23:39:40.137Z",
    "duration": 14141,
    "testsRegistered": 3,
    "passPercent": 100,
    "pendingPercent": 0,
    "other": 0,
    "hasOther": false,
    "skipped": 0,
    "hasSkipped": false
  },
  "results": [
    {
      "uuid": "00f137ff-bd2b-4895-8bb7-bfb78b752c3a",
      "title": "",
      "fullFile": "cypress/integration/ALURAPIC/alurapic.spec.js",
      "file": "cypress/integration/ALURAPIC/alurapic.spec.js",
      "beforeHooks": [],
      "afterHooks": [],
      "tests": [],
      "suites": [
        {
          "uuid": "404a7e60-0dc9-462d-900e-1a9c79df067a",
          "title": "alura busca casos",
          "fullFile": "",
          "file": "",
          "beforeHooks": [],
          "afterHooks": [],
          "tests": [
            {
              "title": "Verifica mensagens validacao",
              "fullTitle": "alura busca casos Verifica mensagens validacao",
              "timedOut": null,
              "duration": 3195,
              "state": "passed",
              "speed": "fast",
              "pass": true,
              "fail": false,
              "pending": false,
              "context": null,
              "code": "cy.contains('a', 'Register now').click();\ncy.contains('button', 'Register').click();\ncy.contains('ap-vmessage', 'Email is required!').should('be.visible');\ncy.contains('button', 'Register').click();\ncy.contains('ap-vmessage', 'Full name is required!').should('be.visible'); // localizar um elemento e verificar algo que deva está visivel\ncy.contains('ap-vmessage', 'User name is required!').should('be.visible');\ncy.contains('ap-vmessage', 'Password is required!').should('be.visible');",
              "err": {},
              "uuid": "5ee3d69f-fd9b-49d5-9731-ce158b8ef99e",
              "parentUUID": "404a7e60-0dc9-462d-900e-1a9c79df067a",
              "isHook": false,
              "skipped": false
            },
            {
              "title": "Verifica mensagens de email invalido",
              "fullTitle": "alura busca casos Verifica mensagens de email invalido",
              "timedOut": null,
              "duration": 2203,
              "state": "passed",
              "speed": "fast",
              "pass": true,
              "fail": false,
              "pending": false,
              "context": null,
              "code": "cy.contains('a', 'Register now').click();\ncy.contains('button', 'Register').click();\ncy.get('input[formcontrolname=\"email\"]').type('carlos');\ncy.contains('ap-vmessage', 'Invalid e-mail').should('be.visible');",
              "err": {},
              "uuid": "a47b8c61-f5d2-4ab0-a194-bb5015997aa4",
              "parentUUID": "404a7e60-0dc9-462d-900e-1a9c79df067a",
              "isHook": false,
              "skipped": false
            },
            {
              "title": "Verifica mensagens de senha com menos de 8 caracteres",
              "fullTitle": "alura busca casos Verifica mensagens de senha com menos de 8 caracteres",
              "timedOut": null,
              "duration": 5480,
              "state": "passed",
              "speed": "medium",
              "pass": true,
              "fail": false,
              "pending": false,
              "context": null,
              "code": "cy.contains('a', 'Register now').click();\ncy.contains('button', 'Register').click();\ncy.get('input[formcontrolname=\"password\"]').type('123');\ncy.contains('button', 'Register').click();\ncy.contains('ap-vmessage', 'Mininum length is 8').should('be.visible');",
              "err": {},
              "uuid": "5baf7ed3-67a1-4545-8b1e-1edfbf08a288",
              "parentUUID": "404a7e60-0dc9-462d-900e-1a9c79df067a",
              "isHook": false,
              "skipped": false
            }
          ],
          "suites": [],
          "passes": [
            "5ee3d69f-fd9b-49d5-9731-ce158b8ef99e",
            "a47b8c61-f5d2-4ab0-a194-bb5015997aa4",
            "5baf7ed3-67a1-4545-8b1e-1edfbf08a288"
          ],
          "failures": [],
          "pending": [],
          "skipped": [],
          "duration": 10878,
          "root": false,
          "rootEmpty": false,
          "_timeout": 2000
        }
      ],
      "passes": [],
      "failures": [],
      "pending": [],
      "skipped": [],
      "duration": 0,
      "root": true,
      "rootEmpty": true,
      "_timeout": 2000
    }
  ],
  "meta": {
    "mocha": {
      "version": "7.0.1"
    },
    "mochawesome": {
      "options": {
        "quiet": false,
        "reportFilename": "mochawesome",
        "saveHtml": true,
        "saveJson": true,
        "consoleReporter": "spec",
        "useInlineDiffs": false,
        "code": true
      },
      "version": "7.1.2"
    },
    "marge": {
      "options": {
        "reportDir": "cypress/report/mochawesome-report",
        "overwrite": true,
        "html": true,
        "json": true,
        "timestampd": "mmddyy_HHMMss"
      },
      "version": "6.1.1"
    }
  }
}