{
  "stats": {
    "suites": 1,
    "tests": 3,
    "passes": 3,
    "pending": 0,
    "failures": 0,
    "start": "2022-03-24T23:48:28.777Z",
    "end": "2022-03-24T23:48:40.078Z",
    "duration": 11301,
    "testsRegistered": 3,
    "passPercent": 100,
    "pendingPercent": 0,
    "other": 0,
    "hasOther": false,
    "skipped": 0,
    "hasSkipped": false
  },
  "results": [
    {
      "uuid": "96ad293e-c748-4ace-8662-0ed2abe69c51",
      "title": "",
      "fullFile": "cypress/integration/ALURAPIC/alurapic.spec.js",
      "file": "cypress/integration/ALURAPIC/alurapic.spec.js",
      "beforeHooks": [],
      "afterHooks": [],
      "tests": [],
      "suites": [
        {
          "uuid": "018591d0-97f2-4bfc-ab23-7a38941ba512",
          "title": "alura busca casos",
          "fullFile": "",
          "file": "",
          "beforeHooks": [],
          "afterHooks": [],
          "tests": [
            {
              "title": "Verifica mensagens validacao",
              "fullTitle": "alura busca casos Verifica mensagens validacao",
              "timedOut": null,
              "duration": 3672,
              "state": "passed",
              "speed": "fast",
              "pass": true,
              "fail": false,
              "pending": false,
              "context": null,
              "code": "cy.contains('a', 'Register now').click();\ncy.contains('button', 'Register').click();\ncy.contains('ap-vmessage', 'Email is required!').should('be.visible');\ncy.contains('button', 'Register').click();\ncy.contains('ap-vmessage', 'Full name is required!').should('be.visible'); // localizar um elemento e verificar algo que deva está visivel\ncy.contains('ap-vmessage', 'User name is required!').should('be.visible');\ncy.contains('ap-vmessage', 'Password is required!').should('be.visible');",
              "err": {},
              "uuid": "2da25c0e-c069-4a1b-8ab1-af7940838300",
              "parentUUID": "018591d0-97f2-4bfc-ab23-7a38941ba512",
              "isHook": false,
              "skipped": false
            },
            {
              "title": "Verifica mensagens de email invalido",
              "fullTitle": "alura busca casos Verifica mensagens de email invalido",
              "timedOut": null,
              "duration": 2174,
              "state": "passed",
              "speed": "fast",
              "pass": true,
              "fail": false,
              "pending": false,
              "context": null,
              "code": "cy.contains('a', 'Register now').click();\ncy.contains('button', 'Register').click();\ncy.get('input[formcontrolname=\"email\"]').type('carlos');\ncy.contains('ap-vmessage', 'Invalid e-mail').should('be.visible');",
              "err": {},
              "uuid": "8826ac98-2db0-4cf6-b23e-a70e54730bf3",
              "parentUUID": "018591d0-97f2-4bfc-ab23-7a38941ba512",
              "isHook": false,
              "skipped": false
            },
            {
              "title": "Verifica mensagens de senha com menos de 8 caracteres",
              "fullTitle": "alura busca casos Verifica mensagens de senha com menos de 8 caracteres",
              "timedOut": null,
              "duration": 1763,
              "state": "passed",
              "speed": "fast",
              "pass": true,
              "fail": false,
              "pending": false,
              "context": null,
              "code": "cy.contains('a', 'Register now').click();\ncy.contains('button', 'Register').click();\ncy.get('input[formcontrolname=\"password\"]').type('123');\ncy.contains('button', 'Register').click();\ncy.contains('ap-vmessage', 'Mininum length is 8').should('be.visible');",
              "err": {},
              "uuid": "22743c4b-5301-403e-9c97-197f2fee0038",
              "parentUUID": "018591d0-97f2-4bfc-ab23-7a38941ba512",
              "isHook": false,
              "skipped": false
            }
          ],
          "suites": [],
          "passes": [
            "2da25c0e-c069-4a1b-8ab1-af7940838300",
            "8826ac98-2db0-4cf6-b23e-a70e54730bf3",
            "22743c4b-5301-403e-9c97-197f2fee0038"
          ],
          "failures": [],
          "pending": [],
          "skipped": [],
          "duration": 7609,
          "root": false,
          "rootEmpty": false,
          "_timeout": 2000
        }
      ],
      "passes": [],
      "failures": [],
      "pending": [],
      "skipped": [],
      "duration": 0,
      "root": true,
      "rootEmpty": true,
      "_timeout": 2000
    }
  ],
  "meta": {
    "mocha": {
      "version": "7.0.1"
    },
    "mochawesome": {
      "options": {
        "quiet": false,
        "reportFilename": "mochawesome",
        "saveHtml": true,
        "saveJson": true,
        "consoleReporter": "spec",
        "useInlineDiffs": false,
        "code": true
      },
      "version": "7.1.2"
    },
    "marge": {
      "options": {
        "reportDir": "cypress/report/mochawesome-report",
        "overwrite": true,
        "html": true,
        "json": true,
        "timestampd": "mmddyy_HHMMss"
      },
      "version": "6.1.1"
    }
  }
}