{
  "stats": {
    "suites": 1,
    "tests": 2,
    "passes": 2,
    "pending": 0,
    "failures": 0,
    "start": "2022-03-25T07:44:41.302Z",
    "end": "2022-03-25T07:44:51.098Z",
    "duration": 9796,
    "testsRegistered": 2,
    "passPercent": 100,
    "pendingPercent": 0,
    "other": 0,
    "hasOther": false,
    "skipped": 0,
    "hasSkipped": false
  },
  "results": [
    {
      "uuid": "825a99cf-8e21-4f30-85ed-55cf612f7e22",
      "title": "",
      "fullFile": "cypress/integration/ALURAPIC/alurapic.spec.js",
      "file": "cypress/integration/ALURAPIC/alurapic.spec.js",
      "beforeHooks": [],
      "afterHooks": [],
      "tests": [],
      "suites": [
        {
          "uuid": "7e2e4c26-491e-43ce-8f9f-f2cdc79eb511",
          "title": "alura busca casos",
          "fullFile": "",
          "file": "",
          "beforeHooks": [],
          "afterHooks": [],
          "tests": [
            {
              "title": "fazer login de usuario valido",
              "fullTitle": "alura busca casos fazer login de usuario valido",
              "timedOut": null,
              "duration": 3913,
              "state": "passed",
              "speed": "fast",
              "pass": true,
              "fail": false,
              "pending": false,
              "context": null,
              "code": "cy.login('flavio', '123');\ncy.contains('a', '(Logout)').should('be.visible');",
              "err": {},
              "uuid": "f3881e88-6136-4b26-937e-067deb4e0d4a",
              "parentUUID": "7e2e4c26-491e-43ce-8f9f-f2cdc79eb511",
              "isHook": false,
              "skipped": false
            },
            {
              "title": "fazer login de usuario invalido",
              "fullTitle": "alura busca casos fazer login de usuario invalido",
              "timedOut": null,
              "duration": 2317,
              "state": "passed",
              "speed": "fast",
              "pass": true,
              "fail": false,
              "pending": false,
              "context": null,
              "code": "cy.login('jacqueline', '1234');\ncy.on('window:alert', str => {\n  expect(str).to.equal('Invalid user name or password');\n});",
              "err": {},
              "uuid": "758ae1f1-8445-4d0a-a533-62aca19d8592",
              "parentUUID": "7e2e4c26-491e-43ce-8f9f-f2cdc79eb511",
              "isHook": false,
              "skipped": false
            }
          ],
          "suites": [],
          "passes": [
            "f3881e88-6136-4b26-937e-067deb4e0d4a",
            "758ae1f1-8445-4d0a-a533-62aca19d8592"
          ],
          "failures": [],
          "pending": [],
          "skipped": [],
          "duration": 6230,
          "root": false,
          "rootEmpty": false,
          "_timeout": 2000
        }
      ],
      "passes": [],
      "failures": [],
      "pending": [],
      "skipped": [],
      "duration": 0,
      "root": true,
      "rootEmpty": true,
      "_timeout": 2000
    }
  ],
  "meta": {
    "mocha": {
      "version": "7.0.1"
    },
    "mochawesome": {
      "options": {
        "quiet": false,
        "reportFilename": "mochawesome",
        "saveHtml": true,
        "saveJson": true,
        "consoleReporter": "spec",
        "useInlineDiffs": false,
        "code": true
      },
      "version": "7.1.2"
    },
    "marge": {
      "options": {
        "reportDir": "cypress/report/mochawesome-report",
        "overwrite": true,
        "html": true,
        "json": true,
        "timestampd": "mmddyy_HHMMss"
      },
      "version": "6.1.1"
    }
  }
}